<?xml version="1.0" encoding="UTF-8"?>
<coverage generated="1767013368287" clover="3.2.0">
  <project timestamp="1767013368287" name="All files">
    <metrics statements="81" coveredstatements="70" conditionals="24" coveredconditionals="18" methods="29" coveredmethods="23" elements="134" coveredelements="111" complexity="0" loc="81" ncloc="81" packages="9" files="12" classes="12"/>
    <package name="src">
      <metrics statements="5" coveredstatements="5" conditionals="2" coveredconditionals="2" methods="1" coveredmethods="1"/>
      <file name="GifApp.tsx" path="/Users/sans6114/Documents/desarrollo/react_projects/gift-app/src/GifApp.tsx">
        <metrics statements="5" coveredstatements="5" conditionals="2" coveredconditionals="2" methods="1" coveredmethods="1"/>
        <line num="8" count="1" type="stmt"/>
        <line num="9" count="1" type="stmt"/>
        <line num="13" count="1" type="stmt"/>
        <line num="15" count="1" type="stmt"/>
        <line num="17" count="1" type="stmt"/>
      </file>
    </package>
    <package name="src.counter">
      <metrics statements="3" coveredstatements="3" conditionals="0" coveredconditionals="0" methods="1" coveredmethods="1"/>
      <file name="MyCounterApp.tsx" path="/Users/sans6114/Documents/desarrollo/react_projects/gift-app/src/counter/MyCounterApp.tsx">
        <metrics statements="3" coveredstatements="3" conditionals="0" coveredconditionals="0" methods="1" coveredmethods="1"/>
        <line num="3" count="2" type="stmt"/>
        <line num="4" count="7" type="stmt"/>
        <line num="6" count="7" type="stmt"/>
      </file>
    </package>
    <package name="src.counter.hooks">
      <metrics statements="10" coveredstatements="10" conditionals="3" coveredconditionals="2" methods="6" coveredmethods="6"/>
      <file name="useCounter.tsx" path="/Users/sans6114/Documents/desarrollo/react_projects/gift-app/src/counter/hooks/useCounter.tsx">
        <metrics statements="10" coveredstatements="10" conditionals="3" coveredconditionals="2" methods="6" coveredmethods="6"/>
        <line num="3" count="2" type="cond" truecount="1" falsecount="0"/>
        <line num="4" count="15" type="stmt"/>
        <line num="6" count="15" type="stmt"/>
        <line num="7" count="4" type="stmt"/>
        <line num="9" count="15" type="stmt"/>
        <line num="10" count="2" type="cond" truecount="1" falsecount="1"/>
        <line num="11" count="2" type="stmt"/>
        <line num="14" count="15" type="stmt"/>
        <line num="15" count="1" type="stmt"/>
        <line num="18" count="15" type="stmt"/>
      </file>
    </package>
    <package name="src.gif.actions">
      <metrics statements="10" coveredstatements="10" conditionals="2" coveredconditionals="2" methods="2" coveredmethods="2"/>
      <file name="get-giphy-by-query.ts" path="/Users/sans6114/Documents/desarrollo/react_projects/gift-app/src/gif/actions/get-giphy-by-query.ts">
        <metrics statements="10" coveredstatements="10" conditionals="2" coveredconditionals="2" methods="2" coveredmethods="2"/>
        <line num="8" count="3" type="stmt"/>
        <line num="9" count="100" type="stmt"/>
        <line num="18" count="3" type="stmt"/>
        <line num="19" count="6" type="cond" truecount="2" falsecount="0"/>
        <line num="20" count="5" type="stmt"/>
        <line num="21" count="5" type="stmt"/>
        <line num="30" count="4" type="stmt"/>
        <line num="31" count="4" type="stmt"/>
        <line num="33" count="1" type="stmt"/>
        <line num="34" count="1" type="stmt"/>
      </file>
    </package>
    <package name="src.gif.api">
      <metrics statements="1" coveredstatements="1" conditionals="0" coveredconditionals="0" methods="0" coveredmethods="0"/>
      <file name="giphy.api.ts" path="/Users/sans6114/Documents/desarrollo/react_projects/gift-app/src/gif/api/giphy.api.ts">
        <metrics statements="1" coveredstatements="1" conditionals="0" coveredconditionals="0" methods="0" coveredmethods="0"/>
        <line num="3" count="4" type="stmt"/>
      </file>
    </package>
    <package name="src.gif.components">
      <metrics statements="27" coveredstatements="21" conditionals="11" coveredconditionals="7" methods="13" coveredmethods="8"/>
      <file name="GifCard.tsx" path="/Users/sans6114/Documents/desarrollo/react_projects/gift-app/src/gif/components/GifCard.tsx">
        <metrics statements="2" coveredstatements="1" conditionals="0" coveredconditionals="0" methods="1" coveredmethods="0"/>
        <line num="7" count="1" type="stmt"/>
        <line num="8" count="0" type="stmt"/>
      </file>
      <file name="GifList.tsx" path="/Users/sans6114/Documents/desarrollo/react_projects/gift-app/src/gif/components/GifList.tsx">
        <metrics statements="3" coveredstatements="2" conditionals="0" coveredconditionals="0" methods="2" coveredmethods="1"/>
        <line num="8" count="1" type="stmt"/>
        <line num="9" count="1" type="stmt"/>
        <line num="11" count="0" type="stmt"/>
      </file>
      <file name="InputSearch.tsx" path="/Users/sans6114/Documents/desarrollo/react_projects/gift-app/src/gif/components/InputSearch.tsx">
        <metrics statements="18" coveredstatements="16" conditionals="8" coveredconditionals="5" methods="7" coveredmethods="6"/>
        <line num="15" count="2" type="cond" truecount="2" falsecount="0"/>
        <line num="17" count="13" type="stmt"/>
        <line num="19" count="13" type="stmt"/>
        <line num="20" count="1" type="cond" truecount="1" falsecount="1"/>
        <line num="21" count="1" type="stmt"/>
        <line num="23" count="1" type="stmt"/>
        <line num="26" count="13" type="stmt"/>
        <line num="27" count="0" type="cond" truecount="0" falsecount="2"/>
        <line num="28" count="0" type="stmt"/>
        <line num="32" count="13" type="stmt"/>
        <line num="34" count="13" type="cond" truecount="2" falsecount="0"/>
        <line num="35" count="5" type="stmt"/>
        <line num="36" count="2" type="stmt"/>
        <line num="37" count="2" type="stmt"/>
        <line num="39" count="5" type="stmt"/>
        <line num="40" count="5" type="stmt"/>
        <line num="45" count="13" type="stmt"/>
        <line num="51" count="6" type="stmt"/>
      </file>
      <file name="PreviousSearch.tsx" path="/Users/sans6114/Documents/desarrollo/react_projects/gift-app/src/gif/components/PreviousSearch.tsx">
        <metrics statements="4" coveredstatements="2" conditionals="3" coveredconditionals="2" methods="3" coveredmethods="1"/>
        <line num="6" count="1" type="stmt"/>
        <line num="10" count="1" type="stmt"/>
        <line num="15" count="0" type="stmt"/>
        <line num="17" count="0" type="stmt"/>
      </file>
    </package>
    <package name="src.gif.hooks">
      <metrics statements="22" coveredstatements="17" conditionals="4" coveredconditionals="3" methods="5" coveredmethods="4"/>
      <file name="useGif.tsx" path="/Users/sans6114/Documents/desarrollo/react_projects/gift-app/src/gif/hooks/useGif.tsx">
        <metrics statements="22" coveredstatements="17" conditionals="4" coveredconditionals="3" methods="5" coveredmethods="4"/>
        <line num="13" count="2" type="stmt"/>
        <line num="15" count="9" type="stmt"/>
        <line num="16" count="9" type="stmt"/>
        <line num="18" count="9" type="stmt"/>
        <line num="20" count="9" type="stmt"/>
        <line num="21" count="1" type="cond" truecount="1" falsecount="1"/>
        <line num="22" count="1" type="stmt"/>
        <line num="23" count="1" type="stmt"/>
        <line num="25" count="0" type="stmt"/>
        <line num="26" count="0" type="stmt"/>
        <line num="28" count="0" type="stmt"/>
        <line num="29" count="0" type="stmt"/>
        <line num="30" count="0" type="stmt"/>
        <line num="35" count="9" type="stmt"/>
        <line num="36" count="4" type="stmt"/>
        <line num="37" count="4" type="cond" truecount="2" falsecount="0"/>
        <line num="39" count="3" type="stmt"/>
        <line num="40" count="3" type="stmt"/>
        <line num="42" count="3" type="stmt"/>
        <line num="43" count="3" type="stmt"/>
        <line num="44" count="3" type="stmt"/>
        <line num="48" count="9" type="stmt"/>
      </file>
    </package>
    <package name="src.shared.components">
      <metrics statements="2" coveredstatements="2" conditionals="2" coveredconditionals="2" methods="1" coveredmethods="1"/>
      <file name="CustomHeader.tsx" path="/Users/sans6114/Documents/desarrollo/react_projects/gift-app/src/shared/components/CustomHeader.tsx">
        <metrics statements="2" coveredstatements="2" conditionals="2" coveredconditionals="2" methods="1" coveredmethods="1"/>
        <line num="6" count="2" type="stmt"/>
        <line num="7" count="4" type="stmt"/>
      </file>
    </package>
    <package name="src.test.mock">
      <metrics statements="1" coveredstatements="1" conditionals="0" coveredconditionals="0" methods="0" coveredmethods="0"/>
      <file name="giphy.response.data.ts" path="/Users/sans6114/Documents/desarrollo/react_projects/gift-app/src/test/mock/giphy.response.data.ts">
        <metrics statements="1" coveredstatements="1" conditionals="0" coveredconditionals="0" methods="0" coveredmethods="0"/>
        <line num="1" count="2" type="stmt"/>
      </file>
    </package>
  </project>
</coverage>
