{"/Users/sans6114/Documents/desarrollo/react_projects/gift-app/src/GifApp.tsx": {"path":"/Users/sans6114/Documents/desarrollo/react_projects/gift-app/src/GifApp.tsx","statementMap":{"0":{"start":{"line":8,"column":24},"end":{"line":38,"column":null}},"1":{"start":{"line":9,"column":76},"end":{"line":10,"column":null}},"2":{"start":{"line":13,"column":26},"end":{"line":13,"column":null}},"3":{"start":{"line":15,"column":8},"end":{"line":15,"column":null}},"4":{"start":{"line":17,"column":4},"end":{"line":35,"column":null}}},"fnMap":{"0":{"name":"(anonymous_0)","decl":{"start":{"line":8,"column":24},"end":{"line":8,"column":null}},"loc":{"start":{"line":8,"column":24},"end":{"line":38,"column":null}},"line":8}},"branchMap":{"0":{"loc":{"start":{"line":35,"column":13},"end":{"line":35,"column":null}},"type":"binary-expr","locations":[{"start":{"line":35,"column":13},"end":{"line":35,"column":24}},{"start":{"line":35,"column":13},"end":{"line":35,"column":null}}],"line":35}},"s":{"0":1,"1":1,"2":1,"3":1,"4":1},"f":{"0":1},"b":{"0":[1,1]},"meta":{"lastBranch":1,"lastFunction":1,"lastStatement":5,"seen":{"s:8:24:38:Infinity":0,"f:8:24:8:Infinity":0,"s:9:76:10:Infinity":1,"s:13:26:13:Infinity":2,"s:15:8:15:Infinity":3,"s:17:4:35:Infinity":4,"b:35:13:35:24:35:13:35:Infinity":0}}}
,"/Users/sans6114/Documents/desarrollo/react_projects/gift-app/src/counter/MyCounterApp.tsx": {"path":"/Users/sans6114/Documents/desarrollo/react_projects/gift-app/src/counter/MyCounterApp.tsx","statementMap":{"0":{"start":{"line":3,"column":28},"end":{"line":23,"column":null}},"1":{"start":{"line":4,"column":62},"end":{"line":4,"column":null}},"2":{"start":{"line":6,"column":4},"end":{"line":18,"column":null}}},"fnMap":{"0":{"name":"(anonymous_0)","decl":{"start":{"line":3,"column":28},"end":{"line":3,"column":null}},"loc":{"start":{"line":3,"column":28},"end":{"line":23,"column":null}},"line":3}},"branchMap":{},"s":{"0":2,"1":7,"2":7},"f":{"0":7},"b":{},"meta":{"lastBranch":0,"lastFunction":1,"lastStatement":3,"seen":{"s:3:28:23:Infinity":0,"f:3:28:3:Infinity":0,"s:4:62:4:Infinity":1,"s:6:4:18:Infinity":2}}}
,"/Users/sans6114/Documents/desarrollo/react_projects/gift-app/src/counter/hooks/useCounter.tsx": {"path":"/Users/sans6114/Documents/desarrollo/react_projects/gift-app/src/counter/hooks/useCounter.tsx","statementMap":{"0":{"start":{"line":3,"column":26},"end":{"line":24,"column":null}},"1":{"start":{"line":4,"column":31},"end":{"line":4,"column":null}},"2":{"start":{"line":6,"column":28},"end":{"line":8,"column":null}},"3":{"start":{"line":7,"column":8},"end":{"line":7,"column":null}},"4":{"start":{"line":7,"column":27},"end":{"line":7,"column":null}},"5":{"start":{"line":9,"column":28},"end":{"line":13,"column":null}},"6":{"start":{"line":10,"column":8},"end":{"line":12,"column":null}},"7":{"start":{"line":11,"column":12},"end":{"line":11,"column":null}},"8":{"start":{"line":11,"column":31},"end":{"line":11,"column":null}},"9":{"start":{"line":14,"column":24},"end":{"line":16,"column":null}},"10":{"start":{"line":15,"column":8},"end":{"line":15,"column":null}},"11":{"start":{"line":18,"column":4},"end":{"line":23,"column":null}}},"fnMap":{"0":{"name":"(anonymous_0)","decl":{"start":{"line":3,"column":26},"end":{"line":3,"column":27}},"loc":{"start":{"line":3,"column":43},"end":{"line":24,"column":null}},"line":3},"1":{"name":"(anonymous_1)","decl":{"start":{"line":6,"column":28},"end":{"line":6,"column":null}},"loc":{"start":{"line":6,"column":28},"end":{"line":8,"column":null}},"line":6},"2":{"name":"(anonymous_2)","decl":{"start":{"line":7,"column":19},"end":{"line":7,"column":27}},"loc":{"start":{"line":7,"column":27},"end":{"line":7,"column":null}},"line":7},"3":{"name":"(anonymous_3)","decl":{"start":{"line":9,"column":28},"end":{"line":9,"column":null}},"loc":{"start":{"line":9,"column":28},"end":{"line":13,"column":null}},"line":9},"4":{"name":"(anonymous_4)","decl":{"start":{"line":11,"column":23},"end":{"line":11,"column":31}},"loc":{"start":{"line":11,"column":31},"end":{"line":11,"column":null}},"line":11},"5":{"name":"(anonymous_5)","decl":{"start":{"line":14,"column":24},"end":{"line":14,"column":null}},"loc":{"start":{"line":14,"column":24},"end":{"line":16,"column":null}},"line":14}},"branchMap":{"0":{"loc":{"start":{"line":3,"column":27},"end":{"line":3,"column":43}},"type":"default-arg","locations":[{"start":{"line":3,"column":42},"end":{"line":3,"column":43}}],"line":3},"1":{"loc":{"start":{"line":10,"column":8},"end":{"line":12,"column":null}},"type":"if","locations":[{"start":{"line":10,"column":8},"end":{"line":12,"column":null}},{"start":{},"end":{}}],"line":10}},"s":{"0":2,"1":15,"2":15,"3":4,"4":4,"5":15,"6":2,"7":2,"8":2,"9":15,"10":1,"11":15},"f":{"0":15,"1":4,"2":4,"3":2,"4":2,"5":1},"b":{"0":[15],"1":[2,0]},"meta":{"lastBranch":2,"lastFunction":6,"lastStatement":12,"seen":{"s:3:26:24:Infinity":0,"f:3:26:3:27":0,"b:3:42:3:43":0,"s:4:31:4:Infinity":1,"s:6:28:8:Infinity":2,"f:6:28:6:Infinity":1,"s:7:8:7:Infinity":3,"f:7:19:7:27":2,"s:7:27:7:Infinity":4,"s:9:28:13:Infinity":5,"f:9:28:9:Infinity":3,"b:10:8:12:Infinity:undefined:undefined:undefined:undefined":1,"s:10:8:12:Infinity":6,"s:11:12:11:Infinity":7,"f:11:23:11:31":4,"s:11:31:11:Infinity":8,"s:14:24:16:Infinity":9,"f:14:24:14:Infinity":5,"s:15:8:15:Infinity":10,"s:18:4:23:Infinity":11}}}
,"/Users/sans6114/Documents/desarrollo/react_projects/gift-app/src/gif/actions/get-giphy-by-query.ts": {"path":"/Users/sans6114/Documents/desarrollo/react_projects/gift-app/src/gif/actions/get-giphy-by-query.ts","statementMap":{"0":{"start":{"line":8,"column":22},"end":{"line":16,"column":null}},"1":{"start":{"line":9,"column":4},"end":{"line":15,"column":null}},"2":{"start":{"line":18,"column":26},"end":{"line":36,"column":null}},"3":{"start":{"line":19,"column":4},"end":{"line":19,"column":null}},"4":{"start":{"line":19,"column":35},"end":{"line":19,"column":null}},"5":{"start":{"line":20,"column":4},"end":{"line":35,"column":null}},"6":{"start":{"line":21,"column":25},"end":{"line":28,"column":null}},"7":{"start":{"line":30,"column":26},"end":{"line":30,"column":null}},"8":{"start":{"line":31,"column":8},"end":{"line":31,"column":null}},"9":{"start":{"line":33,"column":8},"end":{"line":33,"column":null}},"10":{"start":{"line":34,"column":8},"end":{"line":34,"column":null}}},"fnMap":{"0":{"name":"(anonymous_0)","decl":{"start":{"line":8,"column":22},"end":{"line":8,"column":23}},"loc":{"start":{"line":8,"column":23},"end":{"line":16,"column":null}},"line":8},"1":{"name":"(anonymous_1)","decl":{"start":{"line":18,"column":26},"end":{"line":18,"column":33}},"loc":{"start":{"line":18,"column":33},"end":{"line":36,"column":null}},"line":18}},"branchMap":{"0":{"loc":{"start":{"line":19,"column":4},"end":{"line":19,"column":null}},"type":"if","locations":[{"start":{"line":19,"column":4},"end":{"line":19,"column":null}},{"start":{},"end":{}}],"line":19}},"s":{"0":3,"1":100,"2":3,"3":6,"4":1,"5":5,"6":5,"7":4,"8":4,"9":1,"10":1},"f":{"0":100,"1":6},"b":{"0":[1,5]},"meta":{"lastBranch":1,"lastFunction":2,"lastStatement":11,"seen":{"s:8:22:16:Infinity":0,"f:8:22:8:23":0,"s:9:4:15:Infinity":1,"s:18:26:36:Infinity":2,"f:18:26:18:33":1,"b:19:4:19:Infinity:undefined:undefined:undefined:undefined":0,"s:19:4:19:Infinity":3,"s:19:35:19:Infinity":4,"s:20:4:35:Infinity":5,"s:21:25:28:Infinity":6,"s:30:26:30:Infinity":7,"s:31:8:31:Infinity":8,"s:33:8:33:Infinity":9,"s:34:8:34:Infinity":10}}}
,"/Users/sans6114/Documents/desarrollo/react_projects/gift-app/src/gif/api/giphy.api.ts": {"path":"/Users/sans6114/Documents/desarrollo/react_projects/gift-app/src/gif/api/giphy.api.ts","statementMap":{"0":{"start":{"line":3,"column":24},"end":{"line":9,"column":null}}},"fnMap":{},"branchMap":{},"s":{"0":4},"f":{},"b":{},"meta":{"lastBranch":0,"lastFunction":0,"lastStatement":1,"seen":{"s:3:24:9:Infinity":0}}}
,"/Users/sans6114/Documents/desarrollo/react_projects/gift-app/src/gif/components/GifCard.tsx": {"path":"/Users/sans6114/Documents/desarrollo/react_projects/gift-app/src/gif/components/GifCard.tsx","statementMap":{"0":{"start":{"line":7,"column":24},"end":{"line":21,"column":null}},"1":{"start":{"line":8,"column":4},"end":{"line":16,"column":null}}},"fnMap":{"0":{"name":"(anonymous_0)","decl":{"start":{"line":7,"column":24},"end":{"line":7,"column":25}},"loc":{"start":{"line":7,"column":39},"end":{"line":21,"column":null}},"line":7}},"branchMap":{},"s":{"0":1,"1":0},"f":{"0":0},"b":{},"meta":{"lastBranch":0,"lastFunction":1,"lastStatement":2,"seen":{"s:7:24:21:Infinity":0,"f:7:24:7:25":0,"s:8:4:16:Infinity":1}}}
,"/Users/sans6114/Documents/desarrollo/react_projects/gift-app/src/gif/components/GifList.tsx": {"path":"/Users/sans6114/Documents/desarrollo/react_projects/gift-app/src/gif/components/GifList.tsx","statementMap":{"0":{"start":{"line":8,"column":23},"end":{"line":16,"column":null}},"1":{"start":{"line":9,"column":4},"end":{"line":12,"column":43}},"2":{"start":{"line":11,"column":22},"end":{"line":12,"column":43}}},"fnMap":{"0":{"name":"(anonymous_0)","decl":{"start":{"line":8,"column":23},"end":{"line":8,"column":24}},"loc":{"start":{"line":8,"column":39},"end":{"line":16,"column":null}},"line":8},"1":{"name":"(anonymous_1)","decl":{"start":{"line":11,"column":22},"end":{"line":11,"column":null}},"loc":{"start":{"line":11,"column":22},"end":{"line":12,"column":43}},"line":11}},"branchMap":{},"s":{"0":1,"1":1,"2":0},"f":{"0":1,"1":0},"b":{},"meta":{"lastBranch":0,"lastFunction":2,"lastStatement":3,"seen":{"s:8:23:16:Infinity":0,"f:8:23:8:24":0,"s:9:4:12:43":1,"f:11:22:11:Infinity":1,"s:11:22:12:43":2}}}
,"/Users/sans6114/Documents/desarrollo/react_projects/gift-app/src/gif/components/InputSearch.tsx": {"path":"/Users/sans6114/Documents/desarrollo/react_projects/gift-app/src/gif/components/InputSearch.tsx","statementMap":{"0":{"start":{"line":15,"column":27},"end":{"line":60,"column":null}},"1":{"start":{"line":17,"column":27},"end":{"line":17,"column":null}},"2":{"start":{"line":19,"column":30},"end":{"line":24,"column":null}},"3":{"start":{"line":20,"column":8},"end":{"line":22,"column":null}},"4":{"start":{"line":21,"column":12},"end":{"line":21,"column":null}},"5":{"start":{"line":23,"column":8},"end":{"line":23,"column":null}},"6":{"start":{"line":26,"column":28},"end":{"line":30,"column":null}},"7":{"start":{"line":27,"column":9},"end":{"line":29,"column":null}},"8":{"start":{"line":28,"column":12},"end":{"line":28,"column":null}},"9":{"start":{"line":32,"column":4},"end":{"line":43,"column":null}},"10":{"start":{"line":34,"column":8},"end":{"line":42,"column":null}},"11":{"start":{"line":35,"column":30},"end":{"line":38,"column":20}},"12":{"start":{"line":36,"column":41},"end":{"line":36,"column":null}},"13":{"start":{"line":37,"column":16},"end":{"line":37,"column":null}},"14":{"start":{"line":39,"column":12},"end":{"line":41,"column":null}},"15":{"start":{"line":40,"column":16},"end":{"line":40,"column":null}},"16":{"start":{"line":45,"column":4},"end":{"line":57,"column":null}},"17":{"start":{"line":51,"column":37},"end":{"line":51,"column":null}}},"fnMap":{"0":{"name":"(anonymous_0)","decl":{"start":{"line":15,"column":27},"end":{"line":15,"column":28}},"loc":{"start":{"line":15,"column":83},"end":{"line":60,"column":null}},"line":15},"1":{"name":"(anonymous_1)","decl":{"start":{"line":19,"column":30},"end":{"line":19,"column":null}},"loc":{"start":{"line":19,"column":30},"end":{"line":24,"column":null}},"line":19},"2":{"name":"(anonymous_2)","decl":{"start":{"line":26,"column":28},"end":{"line":26,"column":29}},"loc":{"start":{"line":26,"column":29},"end":{"line":30,"column":null}},"line":26},"3":{"name":"(anonymous_3)","decl":{"start":{"line":32,"column":14},"end":{"line":32,"column":null}},"loc":{"start":{"line":32,"column":14},"end":{"line":43,"column":7}},"line":32},"4":{"name":"(anonymous_4)","decl":{"start":{"line":35,"column":41},"end":{"line":35,"column":null}},"loc":{"start":{"line":35,"column":41},"end":{"line":38,"column":15}},"line":35},"5":{"name":"(anonymous_5)","decl":{"start":{"line":39,"column":19},"end":{"line":39,"column":null}},"loc":{"start":{"line":39,"column":19},"end":{"line":41,"column":null}},"line":39},"6":{"name":"(anonymous_6)","decl":{"start":{"line":51,"column":26},"end":{"line":51,"column":27}},"loc":{"start":{"line":51,"column":37},"end":{"line":51,"column":null}},"line":51}},"branchMap":{"0":{"loc":{"start":{"line":15,"column":39},"end":{"line":15,"column":58}},"type":"default-arg","locations":[{"start":{"line":15,"column":53},"end":{"line":15,"column":58}}],"line":15},"1":{"loc":{"start":{"line":15,"column":60},"end":{"line":15,"column":74}},"type":"default-arg","locations":[{"start":{"line":15,"column":72},"end":{"line":15,"column":74}}],"line":15},"2":{"loc":{"start":{"line":20,"column":8},"end":{"line":22,"column":null}},"type":"if","locations":[{"start":{"line":20,"column":8},"end":{"line":22,"column":null}},{"start":{},"end":{}}],"line":20},"3":{"loc":{"start":{"line":27,"column":9},"end":{"line":29,"column":null}},"type":"if","locations":[{"start":{"line":27,"column":9},"end":{"line":29,"column":null}},{"start":{},"end":{}}],"line":27},"4":{"loc":{"start":{"line":34,"column":8},"end":{"line":42,"column":null}},"type":"if","locations":[{"start":{"line":34,"column":8},"end":{"line":42,"column":null}},{"start":{},"end":{}}],"line":34}},"s":{"0":2,"1":13,"2":13,"3":1,"4":1,"5":1,"6":13,"7":0,"8":0,"9":13,"10":13,"11":5,"12":2,"13":2,"14":5,"15":5,"16":13,"17":6},"f":{"0":13,"1":1,"2":0,"3":13,"4":2,"5":5,"6":6},"b":{"0":[13],"1":[13],"2":[1,0],"3":[0,0],"4":[5,8]},"meta":{"lastBranch":5,"lastFunction":7,"lastStatement":18,"seen":{"s:15:27:60:Infinity":0,"f:15:27:15:28":0,"b:15:53:15:58":0,"b:15:72:15:74":1,"s:17:27:17:Infinity":1,"s:19:30:24:Infinity":2,"f:19:30:19:Infinity":1,"b:20:8:22:Infinity:undefined:undefined:undefined:undefined":2,"s:20:8:22:Infinity":3,"s:21:12:21:Infinity":4,"s:23:8:23:Infinity":5,"s:26:28:30:Infinity":6,"f:26:28:26:29":2,"b:27:9:29:Infinity:undefined:undefined:undefined:undefined":3,"s:27:9:29:Infinity":7,"s:28:12:28:Infinity":8,"s:32:4:43:Infinity":9,"f:32:14:32:Infinity":3,"b:34:8:42:Infinity:undefined:undefined:undefined:undefined":4,"s:34:8:42:Infinity":10,"s:35:30:38:20":11,"f:35:41:35:Infinity":4,"s:36:41:36:Infinity":12,"s:37:16:37:Infinity":13,"s:39:12:41:Infinity":14,"f:39:19:39:Infinity":5,"s:40:16:40:Infinity":15,"s:45:4:57:Infinity":16,"f:51:26:51:27":6,"s:51:37:51:Infinity":17}}}
,"/Users/sans6114/Documents/desarrollo/react_projects/gift-app/src/gif/components/PreviousSearch.tsx": {"path":"/Users/sans6114/Documents/desarrollo/react_projects/gift-app/src/gif/components/PreviousSearch.tsx","statementMap":{"0":{"start":{"line":6,"column":30},"end":{"line":30,"column":null}},"1":{"start":{"line":10,"column":4},"end":{"line":25,"column":null}},"2":{"start":{"line":15,"column":41},"end":{"line":25,"column":21}},"3":{"start":{"line":17,"column":43},"end":{"line":17,"column":null}}},"fnMap":{"0":{"name":"(anonymous_0)","decl":{"start":{"line":6,"column":30},"end":{"line":6,"column":31}},"loc":{"start":{"line":9,"column":8},"end":{"line":30,"column":null}},"line":9},"1":{"name":"(anonymous_1)","decl":{"start":{"line":15,"column":41},"end":{"line":15,"column":null}},"loc":{"start":{"line":15,"column":41},"end":{"line":25,"column":21}},"line":15},"2":{"name":"(anonymous_2)","decl":{"start":{"line":17,"column":37},"end":{"line":17,"column":43}},"loc":{"start":{"line":17,"column":43},"end":{"line":17,"column":null}},"line":17}},"branchMap":{"0":{"loc":{"start":{"line":7,"column":4},"end":{"line":7,"column":25}},"type":"default-arg","locations":[{"start":{"line":7,"column":23},"end":{"line":7,"column":25}}],"line":7},"1":{"loc":{"start":{"line":14,"column":17},"end":{"line":25,"column":null}},"type":"cond-expr","locations":[{"start":{"line":15,"column":20},"end":{"line":25,"column":21}},{"start":{"line":25,"column":20},"end":{"line":25,"column":null}}],"line":14}},"s":{"0":1,"1":1,"2":0,"3":0},"f":{"0":1,"1":0,"2":0},"b":{"0":[1],"1":[0,1]},"meta":{"lastBranch":2,"lastFunction":3,"lastStatement":4,"seen":{"s:6:30:30:Infinity":0,"f:6:30:6:31":0,"b:7:23:7:25":0,"s:10:4:25:Infinity":1,"b:15:20:25:21:25:20:25:Infinity":1,"f:15:41:15:Infinity":1,"s:15:41:25:21":2,"f:17:37:17:43":2,"s:17:43:17:Infinity":3}}}
,"/Users/sans6114/Documents/desarrollo/react_projects/gift-app/src/gif/hooks/useGif.tsx": {"path":"/Users/sans6114/Documents/desarrollo/react_projects/gift-app/src/gif/hooks/useGif.tsx","statementMap":{"0":{"start":{"line":13,"column":22},"end":{"line":56,"column":null}},"1":{"start":{"line":15,"column":31},"end":{"line":15,"column":null}},"2":{"start":{"line":16,"column":49},"end":{"line":16,"column":null}},"3":{"start":{"line":18,"column":10},"end":{"line":18,"column":null}},"4":{"start":{"line":20,"column":28},"end":{"line":33,"column":null}},"5":{"start":{"line":21,"column":8},"end":{"line":32,"column":null}},"6":{"start":{"line":22,"column":12},"end":{"line":22,"column":null}},"7":{"start":{"line":23,"column":12},"end":{"line":23,"column":null}},"8":{"start":{"line":25,"column":25},"end":{"line":25,"column":null}},"9":{"start":{"line":26,"column":12},"end":{"line":26,"column":null}},"10":{"start":{"line":28,"column":12},"end":{"line":28,"column":null}},"11":{"start":{"line":29,"column":12},"end":{"line":31,"column":null}},"12":{"start":{"line":30,"column":16},"end":{"line":30,"column":null}},"13":{"start":{"line":35,"column":31},"end":{"line":46,"column":null}},"14":{"start":{"line":36,"column":18},"end":{"line":36,"column":null}},"15":{"start":{"line":37,"column":8},"end":{"line":37,"column":null}},"16":{"start":{"line":37,"column":37},"end":{"line":37,"column":null}},"17":{"start":{"line":39,"column":21},"end":{"line":39,"column":null}},"18":{"start":{"line":40,"column":8},"end":{"line":40,"column":null}},"19":{"start":{"line":42,"column":8},"end":{"line":42,"column":null}},"20":{"start":{"line":43,"column":8},"end":{"line":45,"column":null}},"21":{"start":{"line":44,"column":12},"end":{"line":44,"column":45}},"22":{"start":{"line":48,"column":4},"end":{"line":55,"column":null}}},"fnMap":{"0":{"name":"(anonymous_0)","decl":{"start":{"line":13,"column":22},"end":{"line":13,"column":null}},"loc":{"start":{"line":13,"column":22},"end":{"line":56,"column":null}},"line":13},"1":{"name":"(anonymous_1)","decl":{"start":{"line":20,"column":28},"end":{"line":20,"column":35}},"loc":{"start":{"line":20,"column":35},"end":{"line":33,"column":null}},"line":20},"2":{"name":"(anonymous_2)","decl":{"start":{"line":29,"column":32},"end":{"line":29,"column":null}},"loc":{"start":{"line":29,"column":32},"end":{"line":31,"column":null}},"line":29},"3":{"name":"(anonymous_3)","decl":{"start":{"line":35,"column":31},"end":{"line":35,"column":38}},"loc":{"start":{"line":35,"column":38},"end":{"line":46,"column":null}},"line":35},"4":{"name":"(anonymous_4)","decl":{"start":{"line":43,"column":28},"end":{"line":43,"column":null}},"loc":{"start":{"line":43,"column":28},"end":{"line":45,"column":null}},"line":43}},"branchMap":{"0":{"loc":{"start":{"line":21,"column":8},"end":{"line":32,"column":null}},"type":"if","locations":[{"start":{"line":21,"column":8},"end":{"line":32,"column":null}},{"start":{"line":24,"column":15},"end":{"line":32,"column":null}}],"line":21},"1":{"loc":{"start":{"line":37,"column":8},"end":{"line":37,"column":null}},"type":"if","locations":[{"start":{"line":37,"column":8},"end":{"line":37,"column":null}},{"start":{},"end":{}}],"line":37}},"s":{"0":2,"1":9,"2":9,"3":9,"4":9,"5":1,"6":1,"7":1,"8":0,"9":0,"10":0,"11":0,"12":0,"13":9,"14":4,"15":4,"16":1,"17":3,"18":3,"19":3,"20":3,"21":3,"22":9},"f":{"0":9,"1":1,"2":0,"3":4,"4":3},"b":{"0":[1,0],"1":[1,3]},"meta":{"lastBranch":2,"lastFunction":5,"lastStatement":23,"seen":{"s:13:22:56:Infinity":0,"f:13:22:13:Infinity":0,"s:15:31:15:Infinity":1,"s:16:49:16:Infinity":2,"s:18:10:18:Infinity":3,"s:20:28:33:Infinity":4,"f:20:28:20:35":1,"b:21:8:32:Infinity:24:15:32:Infinity":0,"s:21:8:32:Infinity":5,"s:22:12:22:Infinity":6,"s:23:12:23:Infinity":7,"s:25:25:25:Infinity":8,"s:26:12:26:Infinity":9,"s:28:12:28:Infinity":10,"s:29:12:31:Infinity":11,"f:29:32:29:Infinity":2,"s:30:16:30:Infinity":12,"s:35:31:46:Infinity":13,"f:35:31:35:38":3,"s:36:18:36:Infinity":14,"b:37:8:37:Infinity:undefined:undefined:undefined:undefined":1,"s:37:8:37:Infinity":15,"s:37:37:37:Infinity":16,"s:39:21:39:Infinity":17,"s:40:8:40:Infinity":18,"s:42:8:42:Infinity":19,"s:43:8:45:Infinity":20,"f:43:28:43:Infinity":4,"s:44:12:44:45":21,"s:48:4:55:Infinity":22}}}
,"/Users/sans6114/Documents/desarrollo/react_projects/gift-app/src/shared/components/CustomHeader.tsx": {"path":"/Users/sans6114/Documents/desarrollo/react_projects/gift-app/src/shared/components/CustomHeader.tsx","statementMap":{"0":{"start":{"line":6,"column":28},"end":{"line":17,"column":null}},"1":{"start":{"line":7,"column":4},"end":{"line":12,"column":null}}},"fnMap":{"0":{"name":"(anonymous_0)","decl":{"start":{"line":6,"column":28},"end":{"line":6,"column":29}},"loc":{"start":{"line":6,"column":58},"end":{"line":17,"column":null}},"line":6}},"branchMap":{"0":{"loc":{"start":{"line":12,"column":21},"end":{"line":12,"column":null}},"type":"binary-expr","locations":[{"start":{"line":12,"column":21},"end":{"line":12,"column":36}},{"start":{"line":12,"column":21},"end":{"line":12,"column":null}}],"line":12}},"s":{"0":2,"1":4},"f":{"0":4},"b":{"0":[4,2]},"meta":{"lastBranch":1,"lastFunction":1,"lastStatement":2,"seen":{"s:6:28:17:Infinity":0,"f:6:28:6:29":0,"s:7:4:12:Infinity":1,"b:12:21:12:36:12:21:12:Infinity":0}}}
,"/Users/sans6114/Documents/desarrollo/react_projects/gift-app/src/test/mock/giphy.response.data.ts": {"path":"/Users/sans6114/Documents/desarrollo/react_projects/gift-app/src/test/mock/giphy.response.data.ts","statementMap":{"0":{"start":{"line":1,"column":39},"end":{"line":2861,"column":null}}},"fnMap":{},"branchMap":{},"s":{"0":2},"f":{},"b":{},"meta":{"lastBranch":0,"lastFunction":0,"lastStatement":1,"seen":{"s:1:39:2861:Infinity":0}}}
}
